---------------------------------------------
ZomBerry v0.6.4 log started at 30.12.2024 23:10:47

30.12.2024 23:10:47 [ZomBerryCmdAPI]: INFO: Added category OnTarget
30.12.2024 23:10:47 [ZomBerryCmdAPI]: INFO: Added function TPCur to category OnTarget
30.12.2024 23:10:47 [ZomBerryCmdAPI]: INFO: Added function TPForward to category OnTarget
30.12.2024 23:10:47 [ZomBerryCmdAPI]: INFO: Added function TPToTarget to category OnTarget
30.12.2024 23:10:47 [ZomBerryCmdAPI]: INFO: Added function TPToAdmin to category OnTarget
30.12.2024 23:10:47 [ZomBerryCmdAPI]: INFO: Added function HealTarget to category OnTarget
30.12.2024 23:10:47 [ZomBerryCmdAPI]: INFO: Added function HealTargetPart to category OnTarget
30.12.2024 23:10:47 [ZomBerryCmdAPI]: INFO: Added function GodTarget to category OnTarget
30.12.2024 23:10:47 [ZomBerryCmdAPI]: INFO: Added function RepairTargetHands to category OnTarget
30.12.2024 23:10:47 [ZomBerryCmdAPI]: INFO: Added function RefuelAndRepair to category OnTarget
30.12.2024 23:10:47 [ZomBerryCmdAPI]: INFO: Added category ==
30.12.2024 23:10:47 [ZomBerryCmdAPI]: INFO: Added function KillTarget to category ==
30.12.2024 23:10:47 [ZomBerryCmdAPI]: INFO: Added function BiteTarget to category ==
30.12.2024 23:10:47 [ZomBerryCmdAPI]: INFO: Added function StripTarget to category ==
30.12.2024 23:10:47 [ZomBerryCmdAPI]: INFO: Added function RejectBellyTarget to category ==
30.12.2024 23:10:47 [ZomBerryCmdAPI]: INFO: Added function PsycoTarget to category ==
30.12.2024 23:10:47 [ZomBerryCmdAPI]: INFO: Added function SneezeTarget to category ==
30.12.2024 23:10:47 [ZomBerryCmdAPI]: INFO: Added function SetHealthTarget to category ==
30.12.2024 23:10:47 [ZomBerryCmdAPI]: INFO: Added function SetBloodTarget to category ==
30.12.2024 23:10:47 [ZomBerryCmdAPI]: INFO: Added category OnServer
30.12.2024 23:10:47 [ZomBerryCmdAPI]: INFO: Added function FreeCamAdm to category OnServer
30.12.2024 23:10:47 [ZomBerryCmdAPI]: INFO: Added function TimeDay to category OnServer
30.12.2024 23:10:47 [ZomBerryCmdAPI]: INFO: Added function TimeNight to category OnServer
30.12.2024 23:10:47 [ZomBerryCmdAPI]: INFO: Added function SetTime to category OnServer
30.12.2024 23:10:47 [ZomBerryCmdAPI]: INFO: Added function SetDate to category OnServer
30.12.2024 23:10:47 [ZomBerryCmdAPI]: INFO: Added function SetWeather to category OnServer
30.12.2024 23:10:47 [ZomBerryCmdAPI]: INFO: Added function DeleteObj to category OnServer
30.12.2024 23:10:47 [ZomBerryConfig]: INFO: Using admins.cfg from Profile directory
30.12.2024 23:10:47 [ZomBerryDbg]: Server ready, loading admin list from: $profile:ZomBerry\admins.cfg
30.12.2024 23:10:47 [ZomBerryConfig]: admins.cfg loaded
30.12.2024 23:10:47 [ZomBerryConfig]: Added admin: 76561198038543835
30.12.2024 23:12:48 [ZomBerryDbg]: Auth Request ignored (not an admin) Skolmeister (Ilk6Qmpcg_k47gKbcjguKBpDTBuwWdxIIU-jE6PFNo0=)
30.12.2024 23:12:56 [ZomBerryDbg]: Auth Request ignored (not an admin) Blacksmither (ZAzVI26bW_aLp5lHUxLJ99yS4NK0k8dOx3qRXw_g1v8=)
30.12.2024 23:12:56 [ZomBerryDbg]: Auth Request ignored (not an admin) Alfons (HnOnQzyiWDGiJKCXSKeDXuW58p0zrYAsR9fgjs9xJnE=)
