---------------------------------------------
ZomBerry v0.6.4 log started at 21.12.2024 23:20:46

21.12.2024 23:20:46 [ZomBerryCmdAPI]: INFO: Added category OnTarget
21.12.2024 23:20:46 [ZomBerryCmdAPI]: INFO: Added function TPCur to category OnTarget
21.12.2024 23:20:46 [ZomBerryCmdAPI]: INFO: Added function TPForward to category OnTarget
21.12.2024 23:20:46 [ZomBerryCmdAPI]: INFO: Added function TPToTarget to category OnTarget
21.12.2024 23:20:46 [ZomBerryCmdAPI]: INFO: Added function TPToAdmin to category OnTarget
21.12.2024 23:20:46 [ZomBerryCmdAPI]: INFO: Added function HealTarget to category OnTarget
21.12.2024 23:20:46 [ZomBerryCmdAPI]: INFO: Added function HealTargetPart to category OnTarget
21.12.2024 23:20:46 [ZomBerryCmdAPI]: INFO: Added function GodTarget to category OnTarget
21.12.2024 23:20:46 [ZomBerryCmdAPI]: INFO: Added function RepairTargetHands to category OnTarget
21.12.2024 23:20:46 [ZomBerryCmdAPI]: INFO: Added function RefuelAndRepair to category OnTarget
21.12.2024 23:20:46 [ZomBerryCmdAPI]: INFO: Added category ==
21.12.2024 23:20:46 [ZomBerryCmdAPI]: INFO: Added function KillTarget to category ==
21.12.2024 23:20:46 [ZomBerryCmdAPI]: INFO: Added function BiteTarget to category ==
21.12.2024 23:20:46 [ZomBerryCmdAPI]: INFO: Added function StripTarget to category ==
21.12.2024 23:20:46 [ZomBerryCmdAPI]: INFO: Added function RejectBellyTarget to category ==
21.12.2024 23:20:46 [ZomBerryCmdAPI]: INFO: Added function PsycoTarget to category ==
21.12.2024 23:20:46 [ZomBerryCmdAPI]: INFO: Added function SneezeTarget to category ==
21.12.2024 23:20:46 [ZomBerryCmdAPI]: INFO: Added function SetHealthTarget to category ==
21.12.2024 23:20:46 [ZomBerryCmdAPI]: INFO: Added function SetBloodTarget to category ==
21.12.2024 23:20:46 [ZomBerryCmdAPI]: INFO: Added category OnServer
21.12.2024 23:20:46 [ZomBerryCmdAPI]: INFO: Added function FreeCamAdm to category OnServer
21.12.2024 23:20:46 [ZomBerryCmdAPI]: INFO: Added function TimeDay to category OnServer
21.12.2024 23:20:46 [ZomBerryCmdAPI]: INFO: Added function TimeNight to category OnServer
21.12.2024 23:20:46 [ZomBerryCmdAPI]: INFO: Added function SetTime to category OnServer
21.12.2024 23:20:46 [ZomBerryCmdAPI]: INFO: Added function SetDate to category OnServer
21.12.2024 23:20:46 [ZomBerryCmdAPI]: INFO: Added function SetWeather to category OnServer
21.12.2024 23:20:46 [ZomBerryCmdAPI]: INFO: Added function DeleteObj to category OnServer
21.12.2024 23:20:46 [ZomBerryConfig]: INFO: Using admins.cfg from Profile directory
21.12.2024 23:20:46 [ZomBerryDbg]: Server ready, loading admin list from: $profile:ZomBerry\admins.cfg
21.12.2024 23:20:46 [ZomBerryConfig]: admins.cfg loaded
21.12.2024 23:20:46 [ZomBerryConfig]: Added admin: 76561198038543835
21.12.2024 23:25:08 [ZomBerryDbg]: Auth Request ignored (not an admin) Skolmeister (Ilk6Qmpcg_k47gKbcjguKBpDTBuwWdxIIU-jE6PFNo0=)
21.12.2024 23:27:18 [ZomBerryDbg]: Auth Request ignored (not an admin) Alfons (HnOnQzyiWDGiJKCXSKeDXuW58p0zrYAsR9fgjs9xJnE=)
